Analysis & Elaboration report for cpu_io
Wed Jul 01 09:22:53 2020
Quartus II 64-Bit Version 13.0.0 Build 156 04/24/2013 SJ Web Edition


---------------------
; Table of Contents ;
---------------------
  1. Legal Notice
  2. Analysis & Elaboration Summary
  3. Parallel Compilation
  4. Analysis & Elaboration IP Cores Summary
  5. Source assignments for sc_computer_main:inst4|sc_instmem:imem|lpm_rom_irom:irom|altsyncram:altsyncram_component|altsyncram_mfc1:auto_generated
  6. Source assignments for sc_computer_main:inst4|sc_datamem:dmem|lpm_ram_dq_dram:dram|altsyncram:altsyncram_component|altsyncram_3uf1:auto_generated
  7. Parameter Settings for User Entity Instance: sc_computer_main:inst4|sc_instmem:imem|lpm_rom_irom:irom|altsyncram:altsyncram_component
  8. Parameter Settings for User Entity Instance: sc_computer_main:inst4|sc_datamem:dmem|lpm_ram_dq_dram:dram|altsyncram:altsyncram_component
  9. altsyncram Parameter Settings by Entity Instance
 10. Analysis & Elaboration Settings
 11. Port Connectivity Checks: "sc_computer_main:inst4|sc_cpu:cpu|mux4x32:nextpc"
 12. Port Connectivity Checks: "sc_computer_main:inst4|sc_cpu:cpu|mux2x32:alu_a"
 13. Port Connectivity Checks: "sc_computer_main:inst4"
 14. Analysis & Elaboration Messages



----------------
; Legal Notice ;
----------------
Copyright (C) 1991-2013 Altera Corporation
Your use of Altera Corporation's design tools, logic functions 
and other software and tools, and its AMPP partner logic 
functions, and any output files from any of the foregoing 
(including device programming or simulation files), and any 
associated documentation or information are expressly subject 
to the terms and conditions of the Altera Program License 
Subscription Agreement, Altera MegaCore Function License 
Agreement, or other applicable license agreement, including, 
without limitation, that your use is for the sole purpose of 
programming logic devices manufactured by Altera and sold by 
Altera or its authorized distributors.  Please refer to the 
applicable agreement for further details.



+---------------------------------------------------------------------------------+
; Analysis & Elaboration Summary                                                  ;
+------------------------------------+--------------------------------------------+
; Analysis & Elaboration Status      ; Successful - Wed Jul 01 09:22:53 2020      ;
; Quartus II 64-Bit Version          ; 13.0.0 Build 156 04/24/2013 SJ Web Edition ;
; Revision Name                      ; cpu_io                                     ;
; Top-level Entity Name              ; cpu_io                                     ;
; Family                             ; Cyclone II                                 ;
; Total logic elements               ; N/A until Partition Merge                  ;
;     Total combinational functions  ; N/A until Partition Merge                  ;
;     Dedicated logic registers      ; N/A until Partition Merge                  ;
; Total registers                    ; N/A until Partition Merge                  ;
; Total pins                         ; N/A until Partition Merge                  ;
; Total virtual pins                 ; N/A until Partition Merge                  ;
; Total memory bits                  ; N/A until Partition Merge                  ;
; Embedded Multiplier 9-bit elements ; N/A until Partition Merge                  ;
; Total PLLs                         ; N/A until Partition Merge                  ;
+------------------------------------+--------------------------------------------+


Parallel compilation was disabled, but you have multiple processors available. Enable parallel compilation to reduce compilation time.
+-------------------------------------+
; Parallel Compilation                ;
+----------------------------+--------+
; Processors                 ; Number ;
+----------------------------+--------+
; Number detected on machine ; 8      ;
; Maximum allowed            ; 1      ;
+----------------------------+--------+


+-----------------------------------------------------------------------------------------------------------------------------------------------------------------------------------------------------------------------+
; Analysis & Elaboration IP Cores Summary                                                                                                                                                                               ;
+--------+--------------+---------+--------------+--------------+---------------------------------------------------------------------+---------------------------------------------------------------------------------+
; Vendor ; IP Core Name ; Version ; Release Date ; License Type ; Entity Instance                                                     ; IP Include File                                                                 ;
+--------+--------------+---------+--------------+--------------+---------------------------------------------------------------------+---------------------------------------------------------------------------------+
; Altera ; LPM_RAM_DQ   ; N/A     ; N/A          ; N/A          ; |cpu_io|sc_computer_main:inst4|sc_datamem:dmem|lpm_ram_dq_dram:dram ; E:/software/altera/13.0/project/cpu_io/original/cpu_io/source/lpm_ram_dq_dram.v ;
; Altera ; LPM_ROM      ; N/A     ; N/A          ; N/A          ; |cpu_io|sc_computer_main:inst4|sc_instmem:imem|lpm_rom_irom:irom    ; E:/software/altera/13.0/project/cpu_io/original/cpu_io/source/lpm_rom_irom.v    ;
+--------+--------------+---------+--------------+--------------+---------------------------------------------------------------------+---------------------------------------------------------------------------------+


+------------------------------------------------------------------------------------------------------------------------------------------------+
; Source assignments for sc_computer_main:inst4|sc_instmem:imem|lpm_rom_irom:irom|altsyncram:altsyncram_component|altsyncram_mfc1:auto_generated ;
+---------------------------------+--------------------+------+----------------------------------------------------------------------------------+
; Assignment                      ; Value              ; From ; To                                                                               ;
+---------------------------------+--------------------+------+----------------------------------------------------------------------------------+
; OPTIMIZE_POWER_DURING_SYNTHESIS ; NORMAL_COMPILATION ; -    ; -                                                                                ;
+---------------------------------+--------------------+------+----------------------------------------------------------------------------------+


+---------------------------------------------------------------------------------------------------------------------------------------------------+
; Source assignments for sc_computer_main:inst4|sc_datamem:dmem|lpm_ram_dq_dram:dram|altsyncram:altsyncram_component|altsyncram_3uf1:auto_generated ;
+---------------------------------+--------------------+------+-------------------------------------------------------------------------------------+
; Assignment                      ; Value              ; From ; To                                                                                  ;
+---------------------------------+--------------------+------+-------------------------------------------------------------------------------------+
; OPTIMIZE_POWER_DURING_SYNTHESIS ; NORMAL_COMPILATION ; -    ; -                                                                                   ;
+---------------------------------+--------------------+------+-------------------------------------------------------------------------------------+


+---------------------------------------------------------------------------------------------------------------------------------------+
; Parameter Settings for User Entity Instance: sc_computer_main:inst4|sc_instmem:imem|lpm_rom_irom:irom|altsyncram:altsyncram_component ;
+------------------------------------+-------------------------+------------------------------------------------------------------------+
; Parameter Name                     ; Value                   ; Type                                                                   ;
+------------------------------------+-------------------------+------------------------------------------------------------------------+
; BYTE_SIZE_BLOCK                    ; 8                       ; Untyped                                                                ;
; AUTO_CARRY_CHAINS                  ; ON                      ; AUTO_CARRY                                                             ;
; IGNORE_CARRY_BUFFERS               ; OFF                     ; IGNORE_CARRY                                                           ;
; AUTO_CASCADE_CHAINS                ; ON                      ; AUTO_CASCADE                                                           ;
; IGNORE_CASCADE_BUFFERS             ; OFF                     ; IGNORE_CASCADE                                                         ;
; WIDTH_BYTEENA                      ; 1                       ; Untyped                                                                ;
; OPERATION_MODE                     ; ROM                     ; Untyped                                                                ;
; WIDTH_A                            ; 32                      ; Signed Integer                                                         ;
; WIDTHAD_A                          ; 6                       ; Signed Integer                                                         ;
; NUMWORDS_A                         ; 64                      ; Signed Integer                                                         ;
; OUTDATA_REG_A                      ; UNREGISTERED            ; Untyped                                                                ;
; ADDRESS_ACLR_A                     ; NONE                    ; Untyped                                                                ;
; OUTDATA_ACLR_A                     ; NONE                    ; Untyped                                                                ;
; WRCONTROL_ACLR_A                   ; NONE                    ; Untyped                                                                ;
; INDATA_ACLR_A                      ; NONE                    ; Untyped                                                                ;
; BYTEENA_ACLR_A                     ; NONE                    ; Untyped                                                                ;
; WIDTH_B                            ; 1                       ; Untyped                                                                ;
; WIDTHAD_B                          ; 1                       ; Untyped                                                                ;
; NUMWORDS_B                         ; 1                       ; Untyped                                                                ;
; INDATA_REG_B                       ; CLOCK1                  ; Untyped                                                                ;
; WRCONTROL_WRADDRESS_REG_B          ; CLOCK1                  ; Untyped                                                                ;
; RDCONTROL_REG_B                    ; CLOCK1                  ; Untyped                                                                ;
; ADDRESS_REG_B                      ; CLOCK1                  ; Untyped                                                                ;
; OUTDATA_REG_B                      ; UNREGISTERED            ; Untyped                                                                ;
; BYTEENA_REG_B                      ; CLOCK1                  ; Untyped                                                                ;
; INDATA_ACLR_B                      ; NONE                    ; Untyped                                                                ;
; WRCONTROL_ACLR_B                   ; NONE                    ; Untyped                                                                ;
; ADDRESS_ACLR_B                     ; NONE                    ; Untyped                                                                ;
; OUTDATA_ACLR_B                     ; NONE                    ; Untyped                                                                ;
; RDCONTROL_ACLR_B                   ; NONE                    ; Untyped                                                                ;
; BYTEENA_ACLR_B                     ; NONE                    ; Untyped                                                                ;
; WIDTH_BYTEENA_A                    ; 1                       ; Signed Integer                                                         ;
; WIDTH_BYTEENA_B                    ; 1                       ; Untyped                                                                ;
; RAM_BLOCK_TYPE                     ; M4K                     ; Untyped                                                                ;
; BYTE_SIZE                          ; 8                       ; Untyped                                                                ;
; READ_DURING_WRITE_MODE_MIXED_PORTS ; DONT_CARE               ; Untyped                                                                ;
; READ_DURING_WRITE_MODE_PORT_A      ; NEW_DATA_NO_NBE_READ    ; Untyped                                                                ;
; READ_DURING_WRITE_MODE_PORT_B      ; NEW_DATA_NO_NBE_READ    ; Untyped                                                                ;
; INIT_FILE                          ; ./source/sc_instmem.mif ; Untyped                                                                ;
; INIT_FILE_LAYOUT                   ; PORT_A                  ; Untyped                                                                ;
; MAXIMUM_DEPTH                      ; 256                     ; Signed Integer                                                         ;
; CLOCK_ENABLE_INPUT_A               ; BYPASS                  ; Untyped                                                                ;
; CLOCK_ENABLE_INPUT_B               ; NORMAL                  ; Untyped                                                                ;
; CLOCK_ENABLE_OUTPUT_A              ; BYPASS                  ; Untyped                                                                ;
; CLOCK_ENABLE_OUTPUT_B              ; NORMAL                  ; Untyped                                                                ;
; CLOCK_ENABLE_CORE_A                ; USE_INPUT_CLKEN         ; Untyped                                                                ;
; CLOCK_ENABLE_CORE_B                ; USE_INPUT_CLKEN         ; Untyped                                                                ;
; ENABLE_ECC                         ; FALSE                   ; Untyped                                                                ;
; ECC_PIPELINE_STAGE_ENABLED         ; FALSE                   ; Untyped                                                                ;
; WIDTH_ECCSTATUS                    ; 3                       ; Untyped                                                                ;
; DEVICE_FAMILY                      ; Cyclone II              ; Untyped                                                                ;
; CBXI_PARAMETER                     ; altsyncram_mfc1         ; Untyped                                                                ;
+------------------------------------+-------------------------+------------------------------------------------------------------------+
Note: In order to hide this table in the UI and the text report file, please set the "Show Parameter Settings in Synthesis Report" option in "Analysis and Synthesis Settings -> More Settings" to "Off".


+------------------------------------------------------------------------------------------------------------------------------------------+
; Parameter Settings for User Entity Instance: sc_computer_main:inst4|sc_datamem:dmem|lpm_ram_dq_dram:dram|altsyncram:altsyncram_component ;
+------------------------------------+-------------------------+---------------------------------------------------------------------------+
; Parameter Name                     ; Value                   ; Type                                                                      ;
+------------------------------------+-------------------------+---------------------------------------------------------------------------+
; BYTE_SIZE_BLOCK                    ; 8                       ; Untyped                                                                   ;
; AUTO_CARRY_CHAINS                  ; ON                      ; AUTO_CARRY                                                                ;
; IGNORE_CARRY_BUFFERS               ; OFF                     ; IGNORE_CARRY                                                              ;
; AUTO_CASCADE_CHAINS                ; ON                      ; AUTO_CASCADE                                                              ;
; IGNORE_CASCADE_BUFFERS             ; OFF                     ; IGNORE_CASCADE                                                            ;
; WIDTH_BYTEENA                      ; 1                       ; Untyped                                                                   ;
; OPERATION_MODE                     ; SINGLE_PORT             ; Untyped                                                                   ;
; WIDTH_A                            ; 32                      ; Signed Integer                                                            ;
; WIDTHAD_A                          ; 5                       ; Signed Integer                                                            ;
; NUMWORDS_A                         ; 32                      ; Signed Integer                                                            ;
; OUTDATA_REG_A                      ; UNREGISTERED            ; Untyped                                                                   ;
; ADDRESS_ACLR_A                     ; NONE                    ; Untyped                                                                   ;
; OUTDATA_ACLR_A                     ; NONE                    ; Untyped                                                                   ;
; WRCONTROL_ACLR_A                   ; NONE                    ; Untyped                                                                   ;
; INDATA_ACLR_A                      ; NONE                    ; Untyped                                                                   ;
; BYTEENA_ACLR_A                     ; NONE                    ; Untyped                                                                   ;
; WIDTH_B                            ; 1                       ; Untyped                                                                   ;
; WIDTHAD_B                          ; 1                       ; Untyped                                                                   ;
; NUMWORDS_B                         ; 1                       ; Untyped                                                                   ;
; INDATA_REG_B                       ; CLOCK1                  ; Untyped                                                                   ;
; WRCONTROL_WRADDRESS_REG_B          ; CLOCK1                  ; Untyped                                                                   ;
; RDCONTROL_REG_B                    ; CLOCK1                  ; Untyped                                                                   ;
; ADDRESS_REG_B                      ; CLOCK1                  ; Untyped                                                                   ;
; OUTDATA_REG_B                      ; UNREGISTERED            ; Untyped                                                                   ;
; BYTEENA_REG_B                      ; CLOCK1                  ; Untyped                                                                   ;
; INDATA_ACLR_B                      ; NONE                    ; Untyped                                                                   ;
; WRCONTROL_ACLR_B                   ; NONE                    ; Untyped                                                                   ;
; ADDRESS_ACLR_B                     ; NONE                    ; Untyped                                                                   ;
; OUTDATA_ACLR_B                     ; NONE                    ; Untyped                                                                   ;
; RDCONTROL_ACLR_B                   ; NONE                    ; Untyped                                                                   ;
; BYTEENA_ACLR_B                     ; NONE                    ; Untyped                                                                   ;
; WIDTH_BYTEENA_A                    ; 1                       ; Signed Integer                                                            ;
; WIDTH_BYTEENA_B                    ; 1                       ; Untyped                                                                   ;
; RAM_BLOCK_TYPE                     ; M4K                     ; Untyped                                                                   ;
; BYTE_SIZE                          ; 8                       ; Untyped                                                                   ;
; READ_DURING_WRITE_MODE_MIXED_PORTS ; DONT_CARE               ; Untyped                                                                   ;
; READ_DURING_WRITE_MODE_PORT_A      ; NEW_DATA_NO_NBE_READ    ; Untyped                                                                   ;
; READ_DURING_WRITE_MODE_PORT_B      ; NEW_DATA_NO_NBE_READ    ; Untyped                                                                   ;
; INIT_FILE                          ; ./source/sc_datamem.mif ; Untyped                                                                   ;
; INIT_FILE_LAYOUT                   ; PORT_A                  ; Untyped                                                                   ;
; MAXIMUM_DEPTH                      ; 0                       ; Untyped                                                                   ;
; CLOCK_ENABLE_INPUT_A               ; BYPASS                  ; Untyped                                                                   ;
; CLOCK_ENABLE_INPUT_B               ; NORMAL                  ; Untyped                                                                   ;
; CLOCK_ENABLE_OUTPUT_A              ; BYPASS                  ; Untyped                                                                   ;
; CLOCK_ENABLE_OUTPUT_B              ; NORMAL                  ; Untyped                                                                   ;
; CLOCK_ENABLE_CORE_A                ; USE_INPUT_CLKEN         ; Untyped                                                                   ;
; CLOCK_ENABLE_CORE_B                ; USE_INPUT_CLKEN         ; Untyped                                                                   ;
; ENABLE_ECC                         ; FALSE                   ; Untyped                                                                   ;
; ECC_PIPELINE_STAGE_ENABLED         ; FALSE                   ; Untyped                                                                   ;
; WIDTH_ECCSTATUS                    ; 3                       ; Untyped                                                                   ;
; DEVICE_FAMILY                      ; Cyclone II              ; Untyped                                                                   ;
; CBXI_PARAMETER                     ; altsyncram_3uf1         ; Untyped                                                                   ;
+------------------------------------+-------------------------+---------------------------------------------------------------------------+
Note: In order to hide this table in the UI and the text report file, please set the "Show Parameter Settings in Synthesis Report" option in "Analysis and Synthesis Settings -> More Settings" to "Off".


+-----------------------------------------------------------------------------------------------------------------------------------------+
; altsyncram Parameter Settings by Entity Instance                                                                                        ;
+-------------------------------------------+---------------------------------------------------------------------------------------------+
; Name                                      ; Value                                                                                       ;
+-------------------------------------------+---------------------------------------------------------------------------------------------+
; Number of entity instances                ; 2                                                                                           ;
; Entity Instance                           ; sc_computer_main:inst4|sc_instmem:imem|lpm_rom_irom:irom|altsyncram:altsyncram_component    ;
;     -- OPERATION_MODE                     ; ROM                                                                                         ;
;     -- WIDTH_A                            ; 32                                                                                          ;
;     -- NUMWORDS_A                         ; 64                                                                                          ;
;     -- OUTDATA_REG_A                      ; UNREGISTERED                                                                                ;
;     -- WIDTH_B                            ; 1                                                                                           ;
;     -- NUMWORDS_B                         ; 1                                                                                           ;
;     -- ADDRESS_REG_B                      ; CLOCK1                                                                                      ;
;     -- OUTDATA_REG_B                      ; UNREGISTERED                                                                                ;
;     -- RAM_BLOCK_TYPE                     ; M4K                                                                                         ;
;     -- READ_DURING_WRITE_MODE_MIXED_PORTS ; DONT_CARE                                                                                   ;
; Entity Instance                           ; sc_computer_main:inst4|sc_datamem:dmem|lpm_ram_dq_dram:dram|altsyncram:altsyncram_component ;
;     -- OPERATION_MODE                     ; SINGLE_PORT                                                                                 ;
;     -- WIDTH_A                            ; 32                                                                                          ;
;     -- NUMWORDS_A                         ; 32                                                                                          ;
;     -- OUTDATA_REG_A                      ; UNREGISTERED                                                                                ;
;     -- WIDTH_B                            ; 1                                                                                           ;
;     -- NUMWORDS_B                         ; 1                                                                                           ;
;     -- ADDRESS_REG_B                      ; CLOCK1                                                                                      ;
;     -- OUTDATA_REG_B                      ; UNREGISTERED                                                                                ;
;     -- RAM_BLOCK_TYPE                     ; M4K                                                                                         ;
;     -- READ_DURING_WRITE_MODE_MIXED_PORTS ; DONT_CARE                                                                                   ;
+-------------------------------------------+---------------------------------------------------------------------------------------------+


+----------------------------------------------------------------------------------------------------------------------+
; Analysis & Elaboration Settings                                                                                      ;
+----------------------------------------------------------------------------+--------------------+--------------------+
; Option                                                                     ; Setting            ; Default Value      ;
+----------------------------------------------------------------------------+--------------------+--------------------+
; Top-level entity name                                                      ; cpu_io             ; cpu_io             ;
; Family name                                                                ; Cyclone II         ; Cyclone IV GX      ;
; Use smart compilation                                                      ; Off                ; Off                ;
; Enable parallel Assembler and TimeQuest Timing Analyzer during compilation ; On                 ; On                 ;
; Enable compact report table                                                ; Off                ; Off                ;
; Restructure Multiplexers                                                   ; Auto               ; Auto               ;
; Create Debugging Nodes for IP Cores                                        ; Off                ; Off                ;
; Preserve fewer node names                                                  ; On                 ; On                 ;
; Disable OpenCore Plus hardware evaluation                                  ; Off                ; Off                ;
; Verilog Version                                                            ; Verilog_2001       ; Verilog_2001       ;
; VHDL Version                                                               ; VHDL_1993          ; VHDL_1993          ;
; State Machine Processing                                                   ; Auto               ; Auto               ;
; Safe State Machine                                                         ; Off                ; Off                ;
; Extract Verilog State Machines                                             ; On                 ; On                 ;
; Extract VHDL State Machines                                                ; On                 ; On                 ;
; Ignore Verilog initial constructs                                          ; Off                ; Off                ;
; Iteration limit for constant Verilog loops                                 ; 5000               ; 5000               ;
; Iteration limit for non-constant Verilog loops                             ; 250                ; 250                ;
; Add Pass-Through Logic to Inferred RAMs                                    ; On                 ; On                 ;
; Infer RAMs from Raw Logic                                                  ; On                 ; On                 ;
; Parallel Synthesis                                                         ; On                 ; On                 ;
; DSP Block Balancing                                                        ; Auto               ; Auto               ;
; NOT Gate Push-Back                                                         ; On                 ; On                 ;
; Power-Up Don't Care                                                        ; On                 ; On                 ;
; Remove Redundant Logic Cells                                               ; Off                ; Off                ;
; Remove Duplicate Registers                                                 ; On                 ; On                 ;
; Ignore CARRY Buffers                                                       ; Off                ; Off                ;
; Ignore CASCADE Buffers                                                     ; Off                ; Off                ;
; Ignore GLOBAL Buffers                                                      ; Off                ; Off                ;
; Ignore ROW GLOBAL Buffers                                                  ; Off                ; Off                ;
; Ignore LCELL Buffers                                                       ; Off                ; Off                ;
; Ignore SOFT Buffers                                                        ; On                 ; On                 ;
; Limit AHDL Integers to 32 Bits                                             ; Off                ; Off                ;
; Optimization Technique                                                     ; Balanced           ; Balanced           ;
; Carry Chain Length                                                         ; 70                 ; 70                 ;
; Auto Carry Chains                                                          ; On                 ; On                 ;
; Auto Open-Drain Pins                                                       ; On                 ; On                 ;
; Perform WYSIWYG Primitive Resynthesis                                      ; Off                ; Off                ;
; Auto ROM Replacement                                                       ; On                 ; On                 ;
; Auto RAM Replacement                                                       ; On                 ; On                 ;
; Auto Shift Register Replacement                                            ; Auto               ; Auto               ;
; Allow Shift Register Merging across Hierarchies                            ; Auto               ; Auto               ;
; Auto Clock Enable Replacement                                              ; On                 ; On                 ;
; Strict RAM Replacement                                                     ; Off                ; Off                ;
; Allow Synchronous Control Signals                                          ; On                 ; On                 ;
; Force Use of Synchronous Clear Signals                                     ; Off                ; Off                ;
; Auto RAM to Logic Cell Conversion                                          ; Off                ; Off                ;
; Auto Resource Sharing                                                      ; Off                ; Off                ;
; Allow Any RAM Size For Recognition                                         ; Off                ; Off                ;
; Allow Any ROM Size For Recognition                                         ; Off                ; Off                ;
; Allow Any Shift Register Size For Recognition                              ; Off                ; Off                ;
; Use LogicLock Constraints during Resource Balancing                        ; On                 ; On                 ;
; Ignore translate_off and synthesis_off directives                          ; Off                ; Off                ;
; Timing-Driven Synthesis                                                    ; Off                ; Off                ;
; Report Parameter Settings                                                  ; On                 ; On                 ;
; Report Source Assignments                                                  ; On                 ; On                 ;
; Report Connectivity Checks                                                 ; On                 ; On                 ;
; Ignore Maximum Fan-Out Assignments                                         ; Off                ; Off                ;
; Synchronization Register Chain Length                                      ; 2                  ; 2                  ;
; PowerPlay Power Optimization                                               ; Normal compilation ; Normal compilation ;
; HDL message level                                                          ; Level2             ; Level2             ;
; Suppress Register Optimization Related Messages                            ; Off                ; Off                ;
; Number of Removed Registers Reported in Synthesis Report                   ; 5000               ; 5000               ;
; Number of Swept Nodes Reported in Synthesis Report                         ; 5000               ; 5000               ;
; Number of Inverted Registers Reported in Synthesis Report                  ; 100                ; 100                ;
; Clock MUX Protection                                                       ; On                 ; On                 ;
; Auto Gated Clock Conversion                                                ; Off                ; Off                ;
; Block Design Naming                                                        ; Auto               ; Auto               ;
; SDC constraint protection                                                  ; Off                ; Off                ;
; Synthesis Effort                                                           ; Auto               ; Auto               ;
; Shift Register Replacement - Allow Asynchronous Clear Signal               ; On                 ; On                 ;
; Pre-Mapping Resynthesis Optimization                                       ; Off                ; Off                ;
; Analysis & Synthesis Message Level                                         ; Medium             ; Medium             ;
; Disable Register Merging Across Hierarchies                                ; Auto               ; Auto               ;
; Resource Aware Inference For Block RAM                                     ; On                 ; On                 ;
; Synthesis Seed                                                             ; 1                  ; 1                  ;
+----------------------------------------------------------------------------+--------------------+--------------------+


+------------------------------------------------------------------------------+
; Port Connectivity Checks: "sc_computer_main:inst4|sc_cpu:cpu|mux4x32:nextpc" ;
+----------+-------+----------+------------------------------------------------+
; Port     ; Type  ; Severity ; Details                                        ;
+----------+-------+----------+------------------------------------------------+
; a3[1..0] ; Input ; Info     ; Stuck at GND                                   ;
+----------+-------+----------+------------------------------------------------+


+-----------------------------------------------------------------------------+
; Port Connectivity Checks: "sc_computer_main:inst4|sc_cpu:cpu|mux2x32:alu_a" ;
+-----------+-------+----------+----------------------------------------------+
; Port      ; Type  ; Severity ; Details                                      ;
+-----------+-------+----------+----------------------------------------------+
; a1[31..5] ; Input ; Info     ; Stuck at GND                                 ;
+-----------+-------+----------+----------------------------------------------+


+----------------------------------------------------------------------------------------------------------------------------------------------------------------+
; Port Connectivity Checks: "sc_computer_main:inst4"                                                                                                             ;
+--------------+--------+----------+-----------------------------------------------------------------------------------------------------------------------------+
; Port         ; Type   ; Severity ; Details                                                                                                                     ;
+--------------+--------+----------+-----------------------------------------------------------------------------------------------------------------------------+
; pc           ; Output ; Info     ; Connected to dangling logic. Logic that only feeds a dangling port will be removed.                                         ;
; inst         ; Output ; Info     ; Connected to dangling logic. Logic that only feeds a dangling port will be removed.                                         ;
; aluout       ; Output ; Info     ; Connected to dangling logic. Logic that only feeds a dangling port will be removed.                                         ;
; memout       ; Output ; Warning  ; Output or bidir port (32 bits) is wider than the port expression (1 bits) it drives; bit(s) "memout[31..1]" have no fanouts ;
; memout       ; Output ; Info     ; Connected to dangling logic. Logic that only feeds a dangling port will be removed.                                         ;
; imem_clk     ; Output ; Info     ; Connected to dangling logic. Logic that only feeds a dangling port will be removed.                                         ;
; dmem_clk     ; Output ; Info     ; Connected to dangling logic. Logic that only feeds a dangling port will be removed.                                         ;
; mem_dataout  ; Output ; Info     ; Connected to dangling logic. Logic that only feeds a dangling port will be removed.                                         ;
; io_read_data ; Output ; Info     ; Connected to dangling logic. Logic that only feeds a dangling port will be removed.                                         ;
+--------------+--------+----------+-----------------------------------------------------------------------------------------------------------------------------+


+---------------------------------+
; Analysis & Elaboration Messages ;
+---------------------------------+
Info: *******************************************************************
Info: Running Quartus II 64-Bit Analysis & Elaboration
    Info: Version 13.0.0 Build 156 04/24/2013 SJ Web Edition
    Info: Processing started: Wed Jul 01 09:22:50 2020
Info: Command: quartus_map --read_settings_files=on --write_settings_files=off cpu_io -c cpu_io --analysis_and_elaboration
Warning (20028): Parallel compilation is not licensed and has been disabled
Info (12021): Found 1 design units, including 1 entities, in source file source/sc_computer_main.v
    Info (12023): Found entity 1: sc_computer_main
Info (12021): Found 1 design units, including 1 entities, in source file source/sc_instmen.v
    Info (12023): Found entity 1: sc_instmem
Info (12021): Found 1 design units, including 1 entities, in source file source/sc_datamem.v
    Info (12023): Found entity 1: sc_datamem
Info (12021): Found 1 design units, including 1 entities, in source file source/sc_cu.v
    Info (12023): Found entity 1: sc_cu
Info (12021): Found 1 design units, including 1 entities, in source file source/sc_cpu.v
    Info (12023): Found entity 1: sc_cpu
Info (12021): Found 1 design units, including 1 entities, in source file source/regfile.v
    Info (12023): Found entity 1: regfile
Info (12021): Found 1 design units, including 1 entities, in source file source/mux4x32.v
    Info (12023): Found entity 1: mux4x32
Info (12021): Found 1 design units, including 1 entities, in source file source/mux2x32.v
    Info (12023): Found entity 1: mux2x32
Info (12021): Found 1 design units, including 1 entities, in source file source/mux2x5.v
    Info (12023): Found entity 1: mux2x5
Info (12021): Found 1 design units, including 1 entities, in source file source/lpm_rom_irom.v
    Info (12023): Found entity 1: lpm_rom_irom
Info (12021): Found 1 design units, including 1 entities, in source file source/lpm_ram_dq_dram.v
    Info (12023): Found entity 1: lpm_ram_dq_dram
Info (12021): Found 1 design units, including 1 entities, in source file source/io_output.v
    Info (12023): Found entity 1: io_output
Info (12021): Found 1 design units, including 1 entities, in source file source/io_input_mux.v
    Info (12023): Found entity 1: io_input_mux
Info (12021): Found 1 design units, including 1 entities, in source file source/io_input.v
    Info (12023): Found entity 1: io_input
Info (12021): Found 1 design units, including 1 entities, in source file source/dffe32.v
    Info (12023): Found entity 1: dffe32
Info (12021): Found 1 design units, including 1 entities, in source file source/dff32.v
    Info (12023): Found entity 1: dff32
Info (12021): Found 1 design units, including 1 entities, in source file source/cpu_io.v
    Info (12023): Found entity 1: cpu_io
Info (12021): Found 1 design units, including 1 entities, in source file source/cla32.v
    Info (12023): Found entity 1: cla32
Info (12021): Found 1 design units, including 1 entities, in source file source/alu.v
    Info (12023): Found entity 1: alu
Info (12021): Found 1 design units, including 1 entities, in source file source/clock_and_mem_clock.v
    Info (12023): Found entity 1: clock_and_mem_clock
Info (12021): Found 1 design units, including 1 entities, in source file source/in_port.v
    Info (12023): Found entity 1: in_port
Info (12021): Found 1 design units, including 1 entities, in source file source/out_port_seg.v
    Info (12023): Found entity 1: out_port_seg
Warning (10236): Verilog HDL Implicit Net warning at cpu_io.v(22): created implicit net for "memout"
Warning (10236): Verilog HDL Implicit Net warning at cpu_io.v(22): created implicit net for "imem_clk"
Warning (10236): Verilog HDL Implicit Net warning at cpu_io.v(22): created implicit net for "dmem_clk"
Info (12127): Elaborating entity "cpu_io" for the top level hierarchy
Info (12128): Elaborating entity "clock_and_mem_clock" for hierarchy "clock_and_mem_clock:inst"
Info (12128): Elaborating entity "in_port" for hierarchy "in_port:inst1"
Info (12128): Elaborating entity "sc_computer_main" for hierarchy "sc_computer_main:inst4"
Info (12128): Elaborating entity "sc_cpu" for hierarchy "sc_computer_main:inst4|sc_cpu:cpu"
Info (12128): Elaborating entity "dff32" for hierarchy "sc_computer_main:inst4|sc_cpu:cpu|dff32:ip"
Info (12128): Elaborating entity "sc_cu" for hierarchy "sc_computer_main:inst4|sc_cpu:cpu|sc_cu:cu"
Info (12128): Elaborating entity "mux2x32" for hierarchy "sc_computer_main:inst4|sc_cpu:cpu|mux2x32:alu_b"
Info (12128): Elaborating entity "mux2x5" for hierarchy "sc_computer_main:inst4|sc_cpu:cpu|mux2x5:reg_wn"
Info (12128): Elaborating entity "mux4x32" for hierarchy "sc_computer_main:inst4|sc_cpu:cpu|mux4x32:nextpc"
Info (12128): Elaborating entity "regfile" for hierarchy "sc_computer_main:inst4|sc_cpu:cpu|regfile:rf"
Info (12128): Elaborating entity "alu" for hierarchy "sc_computer_main:inst4|sc_cpu:cpu|alu:al_unit"
Info (12128): Elaborating entity "sc_instmem" for hierarchy "sc_computer_main:inst4|sc_instmem:imem"
Info (12128): Elaborating entity "lpm_rom_irom" for hierarchy "sc_computer_main:inst4|sc_instmem:imem|lpm_rom_irom:irom"
Info (12128): Elaborating entity "altsyncram" for hierarchy "sc_computer_main:inst4|sc_instmem:imem|lpm_rom_irom:irom|altsyncram:altsyncram_component"
Info (12130): Elaborated megafunction instantiation "sc_computer_main:inst4|sc_instmem:imem|lpm_rom_irom:irom|altsyncram:altsyncram_component"
Info (12133): Instantiated megafunction "sc_computer_main:inst4|sc_instmem:imem|lpm_rom_irom:irom|altsyncram:altsyncram_component" with the following parameter:
    Info (12134): Parameter "clock_enable_input_a" = "BYPASS"
    Info (12134): Parameter "clock_enable_output_a" = "BYPASS"
    Info (12134): Parameter "init_file" = "./source/sc_instmem.mif"
    Info (12134): Parameter "intended_device_family" = "Cyclone II"
    Info (12134): Parameter "lpm_hint" = "ENABLE_RUNTIME_MOD=NO"
    Info (12134): Parameter "lpm_type" = "altsyncram"
    Info (12134): Parameter "maximum_depth" = "256"
    Info (12134): Parameter "numwords_a" = "64"
    Info (12134): Parameter "operation_mode" = "ROM"
    Info (12134): Parameter "outdata_aclr_a" = "NONE"
    Info (12134): Parameter "outdata_reg_a" = "UNREGISTERED"
    Info (12134): Parameter "ram_block_type" = "M4K"
    Info (12134): Parameter "widthad_a" = "6"
    Info (12134): Parameter "width_a" = "32"
    Info (12134): Parameter "width_byteena_a" = "1"
Info (12021): Found 1 design units, including 1 entities, in source file db/altsyncram_mfc1.tdf
    Info (12023): Found entity 1: altsyncram_mfc1
Info (12128): Elaborating entity "altsyncram_mfc1" for hierarchy "sc_computer_main:inst4|sc_instmem:imem|lpm_rom_irom:irom|altsyncram:altsyncram_component|altsyncram_mfc1:auto_generated"
Info (12128): Elaborating entity "sc_datamem" for hierarchy "sc_computer_main:inst4|sc_datamem:dmem"
Info (12128): Elaborating entity "lpm_ram_dq_dram" for hierarchy "sc_computer_main:inst4|sc_datamem:dmem|lpm_ram_dq_dram:dram"
Info (12128): Elaborating entity "altsyncram" for hierarchy "sc_computer_main:inst4|sc_datamem:dmem|lpm_ram_dq_dram:dram|altsyncram:altsyncram_component"
Info (12130): Elaborated megafunction instantiation "sc_computer_main:inst4|sc_datamem:dmem|lpm_ram_dq_dram:dram|altsyncram:altsyncram_component"
Info (12133): Instantiated megafunction "sc_computer_main:inst4|sc_datamem:dmem|lpm_ram_dq_dram:dram|altsyncram:altsyncram_component" with the following parameter:
    Info (12134): Parameter "clock_enable_input_a" = "BYPASS"
    Info (12134): Parameter "clock_enable_output_a" = "BYPASS"
    Info (12134): Parameter "init_file" = "./source/sc_datamem.mif"
    Info (12134): Parameter "intended_device_family" = "Cyclone II"
    Info (12134): Parameter "lpm_hint" = "ENABLE_RUNTIME_MOD=NO"
    Info (12134): Parameter "lpm_type" = "altsyncram"
    Info (12134): Parameter "numwords_a" = "32"
    Info (12134): Parameter "operation_mode" = "SINGLE_PORT"
    Info (12134): Parameter "outdata_aclr_a" = "NONE"
    Info (12134): Parameter "outdata_reg_a" = "UNREGISTERED"
    Info (12134): Parameter "power_up_uninitialized" = "FALSE"
    Info (12134): Parameter "ram_block_type" = "M4K"
    Info (12134): Parameter "widthad_a" = "5"
    Info (12134): Parameter "width_a" = "32"
    Info (12134): Parameter "width_byteena_a" = "1"
Info (12021): Found 1 design units, including 1 entities, in source file db/altsyncram_3uf1.tdf
    Info (12023): Found entity 1: altsyncram_3uf1
Info (12128): Elaborating entity "altsyncram_3uf1" for hierarchy "sc_computer_main:inst4|sc_datamem:dmem|lpm_ram_dq_dram:dram|altsyncram:altsyncram_component|altsyncram_3uf1:auto_generated"
Info (12128): Elaborating entity "io_output" for hierarchy "sc_computer_main:inst4|sc_datamem:dmem|io_output:io_output_reg"
Info (12128): Elaborating entity "io_input" for hierarchy "sc_computer_main:inst4|sc_datamem:dmem|io_input:io_input_reg"
Info (12128): Elaborating entity "io_input_mux" for hierarchy "sc_computer_main:inst4|sc_datamem:dmem|io_input:io_input_reg|io_input_mux:io_input_mux2x32"
Info (12128): Elaborating entity "out_port_seg" for hierarchy "out_port_seg:inst5"
Warning (10230): Verilog HDL assignment warning at out_port_seg.v(9): truncated value with size 32 to match size of target (4)
Warning (10230): Verilog HDL assignment warning at out_port_seg.v(10): truncated value with size 32 to match size of target (4)
Warning (12241): 1 hierarchies have connectivity warnings - see the Connectivity Checks report folder
Info: Quartus II 64-Bit Analysis & Elaboration was successful. 0 errors, 7 warnings
    Info: Peak virtual memory: 4608 megabytes
    Info: Processing ended: Wed Jul 01 09:22:53 2020
    Info: Elapsed time: 00:00:03
    Info: Total CPU time (on all processors): 00:00:02


