Flow report for decode2to4
Thu Apr 16 20:46:06 2020
Quartus II 64-Bit Version 13.0.0 Build 156 04/24/2013 SJ Web Edition


---------------------
; Table of Contents ;
---------------------
  1. Legal Notice
  2. Flow Summary
  3. Flow Settings
  4. Flow Non-Default Global Settings
  5. Flow Elapsed Time
  6. Flow OS Summary
  7. Flow Log
  8. Flow Messages
  9. Flow Suppressed Messages



----------------
; Legal Notice ;
----------------
Copyright (C) 1991-2013 Altera Corporation
Your use of Altera Corporation's design tools, logic functions 
and other software and tools, and its AMPP partner logic 
functions, and any output files from any of the foregoing 
(including device programming or simulation files), and any 
associated documentation or information are expressly subject 
to the terms and conditions of the Altera Program License 
Subscription Agreement, Altera MegaCore Function License 
Agreement, or other applicable license agreement, including, 
without limitation, that your use is for the sole purpose of 
programming logic devices manufactured by Altera and sold by 
Altera or its authorized distributors.  Please refer to the 
applicable agreement for further details.



+---------------------------------------------------------------------------------+
; Flow Summary                                                                    ;
+------------------------------------+--------------------------------------------+
; Flow Status                        ; Successful - Thu Apr 16 20:46:06 2020      ;
; Quartus II 64-Bit Version          ; 13.0.0 Build 156 04/24/2013 SJ Web Edition ;
; Revision Name                      ; decode2to4                                 ;
; Top-level Entity Name              ; decode2to4                                 ;
; Family                             ; Cyclone II                                 ;
; Device                             ; EP2C5AF256A7                               ;
; Timing Models                      ; Final                                      ;
; Total logic elements               ; 4 / 4,608 ( < 1 % )                        ;
;     Total combinational functions  ; 4 / 4,608 ( < 1 % )                        ;
;     Dedicated logic registers      ; 0 / 4,608 ( 0 % )                          ;
; Total registers                    ; 0                                          ;
; Total pins                         ; 7 / 158 ( 4 % )                            ;
; Total virtual pins                 ; 0                                          ;
; Total memory bits                  ; 0 / 119,808 ( 0 % )                        ;
; Embedded Multiplier 9-bit elements ; 0 / 26 ( 0 % )                             ;
; Total PLLs                         ; 0 / 2 ( 0 % )                              ;
+------------------------------------+--------------------------------------------+


+-----------------------------------------+
; Flow Settings                           ;
+-------------------+---------------------+
; Option            ; Setting             ;
+-------------------+---------------------+
; Start date & time ; 04/16/2020 20:45:57 ;
; Main task         ; Compilation         ;
; Revision Name     ; decode2to4          ;
+-------------------+---------------------+


+-----------------------------------------------------------------------------------------------------------------------+
; Flow Non-Default Global Settings                                                                                      ;
+--------------------------------------+---------------------------------+---------------+-------------+----------------+
; Assignment Name                      ; Value                           ; Default Value ; Entity Name ; Section Id     ;
+--------------------------------------+---------------------------------+---------------+-------------+----------------+
; COMPILER_SIGNATURE_ID                ; 154027276410872.158704115702456 ; --            ; --          ; --             ;
; EDA_DESIGN_INSTANCE_NAME             ; m0                              ; --            ; --          ; decode2to4_tb  ;
; EDA_GENERATE_FUNCTIONAL_NETLIST      ; On                              ; --            ; --          ; eda_simulation ;
; EDA_NATIVELINK_SIMULATION_TEST_BENCH ; decode2to4_tb                   ; --            ; --          ; eda_simulation ;
; EDA_OUTPUT_DATA_FORMAT               ; Verilog Hdl                     ; --            ; --          ; eda_simulation ;
; EDA_SIMULATION_TOOL                  ; ModelSim-Altera (Verilog)       ; <None>        ; --          ; --             ;
; EDA_TEST_BENCH_ENABLE_STATUS         ; TEST_BENCH_MODE                 ; --            ; --          ; eda_simulation ;
; EDA_TEST_BENCH_FILE                  ; decode2to4_tb.v                 ; --            ; --          ; decode2to4_tb  ;
; EDA_TEST_BENCH_MODULE_NAME           ; decode2to4_tb                   ; --            ; --          ; decode2to4_tb  ;
; EDA_TEST_BENCH_NAME                  ; decode2to4_tb                   ; --            ; --          ; eda_simulation ;
; EDA_TIME_SCALE                       ; 1 ps                            ; --            ; --          ; eda_simulation ;
; MAX_CORE_JUNCTION_TEMP               ; 125                             ; --            ; --          ; --             ;
; MIN_CORE_JUNCTION_TEMP               ; -40                             ; --            ; --          ; --             ;
; PARTITION_COLOR                      ; 16764057                        ; --            ; --          ; Top            ;
; PARTITION_FITTER_PRESERVATION_LEVEL  ; PLACEMENT_AND_ROUTING           ; --            ; --          ; Top            ;
; PARTITION_NETLIST_TYPE               ; SOURCE                          ; --            ; --          ; Top            ;
; PROJECT_OUTPUT_DIRECTORY             ; output_files                    ; --            ; --          ; --             ;
+--------------------------------------+---------------------------------+---------------+-------------+----------------+


+-------------------------------------------------------------------------------------------------------------------------------+
; Flow Elapsed Time                                                                                                             ;
+---------------------------+--------------+-------------------------+---------------------+------------------------------------+
; Module Name               ; Elapsed Time ; Average Processors Used ; Peak Virtual Memory ; Total CPU Time (on all processors) ;
+---------------------------+--------------+-------------------------+---------------------+------------------------------------+
; Analysis & Synthesis      ; 00:00:01     ; 1.0                     ; 4595 MB             ; 00:00:01                           ;
; Fitter                    ; 00:00:03     ; 1.0                     ; 4805 MB             ; 00:00:03                           ;
; Assembler                 ; 00:00:01     ; 1.0                     ; 4547 MB             ; 00:00:01                           ;
; TimeQuest Timing Analyzer ; 00:00:01     ; 1.0                     ; 4540 MB             ; 00:00:01                           ;
; EDA Netlist Writer        ; 00:00:00     ; 1.0                     ; 4518 MB             ; 00:00:00                           ;
; Total                     ; 00:00:06     ; --                      ; --                  ; 00:00:06                           ;
+---------------------------+--------------+-------------------------+---------------------+------------------------------------+


+----------------------------------------------------------------------------------------+
; Flow OS Summary                                                                        ;
+---------------------------+------------------+-----------+------------+----------------+
; Module Name               ; Machine Hostname ; OS Name   ; OS Version ; Processor type ;
+---------------------------+------------------+-----------+------------+----------------+
; Analysis & Synthesis      ; WIN10-809031630  ; Windows 7 ; 6.2        ; x86_64         ;
; Fitter                    ; WIN10-809031630  ; Windows 7 ; 6.2        ; x86_64         ;
; Assembler                 ; WIN10-809031630  ; Windows 7 ; 6.2        ; x86_64         ;
; TimeQuest Timing Analyzer ; WIN10-809031630  ; Windows 7 ; 6.2        ; x86_64         ;
; EDA Netlist Writer        ; WIN10-809031630  ; Windows 7 ; 6.2        ; x86_64         ;
+---------------------------+------------------+-----------+------------+----------------+


------------
; Flow Log ;
------------
quartus_map --read_settings_files=on --write_settings_files=off decode2to4 -c decode2to4
quartus_fit --read_settings_files=off --write_settings_files=off decode2to4 -c decode2to4
quartus_asm --read_settings_files=off --write_settings_files=off decode2to4 -c decode2to4
quartus_sta decode2to4 -c decode2to4
quartus_eda --read_settings_files=off --write_settings_files=off decode2to4 -c decode2to4



