Flow report for counter18
Tue Apr 21 19:07:50 2020
Quartus II 64-Bit Version 13.0.0 Build 156 04/24/2013 SJ Web Edition


---------------------
; Table of Contents ;
---------------------
  1. Legal Notice
  2. Flow Summary
  3. Flow Settings
  4. Flow Non-Default Global Settings
  5. Flow Elapsed Time
  6. Flow OS Summary
  7. Flow Log
  8. Flow Messages
  9. Flow Suppressed Messages



----------------
; Legal Notice ;
----------------
Copyright (C) 1991-2013 Altera Corporation
Your use of Altera Corporation's design tools, logic functions 
and other software and tools, and its AMPP partner logic 
functions, and any output files from any of the foregoing 
(including device programming or simulation files), and any 
associated documentation or information are expressly subject 
to the terms and conditions of the Altera Program License 
Subscription Agreement, Altera MegaCore Function License 
Agreement, or other applicable license agreement, including, 
without limitation, that your use is for the sole purpose of 
programming logic devices manufactured by Altera and sold by 
Altera or its authorized distributors.  Please refer to the 
applicable agreement for further details.



+---------------------------------------------------------------------------------+
; Flow Summary                                                                    ;
+------------------------------------+--------------------------------------------+
; Flow Status                        ; Successful - Tue Apr 21 19:07:50 2020      ;
; Quartus II 64-Bit Version          ; 13.0.0 Build 156 04/24/2013 SJ Web Edition ;
; Revision Name                      ; counter18                                  ;
; Top-level Entity Name              ; counter18                                  ;
; Family                             ; Cyclone II                                 ;
; Device                             ; EP2C5AF256A7                               ;
; Timing Models                      ; Final                                      ;
; Total logic elements               ; 13 / 4,608 ( < 1 % )                       ;
;     Total combinational functions  ; 13 / 4,608 ( < 1 % )                       ;
;     Dedicated logic registers      ; 5 / 4,608 ( < 1 % )                        ;
; Total registers                    ; 5                                          ;
; Total pins                         ; 13 / 158 ( 8 % )                           ;
; Total virtual pins                 ; 0                                          ;
; Total memory bits                  ; 0 / 119,808 ( 0 % )                        ;
; Embedded Multiplier 9-bit elements ; 0 / 26 ( 0 % )                             ;
; Total PLLs                         ; 0 / 2 ( 0 % )                              ;
+------------------------------------+--------------------------------------------+


+-----------------------------------------+
; Flow Settings                           ;
+-------------------+---------------------+
; Option            ; Setting             ;
+-------------------+---------------------+
; Start date & time ; 04/21/2020 16:29:43 ;
; Main task         ; Compilation         ;
; Revision Name     ; counter18           ;
+-------------------+---------------------+


+----------------------------------------------------------------------------------------------------------------------+
; Flow Non-Default Global Settings                                                                                     ;
+-------------------------------------+---------------------------------+---------------+-------------+----------------+
; Assignment Name                     ; Value                           ; Default Value ; Entity Name ; Section Id     ;
+-------------------------------------+---------------------------------+---------------+-------------+----------------+
; COMPILER_SIGNATURE_ID               ; 154027276410872.158745778319904 ; --            ; --          ; --             ;
; EDA_GENERATE_FUNCTIONAL_NETLIST     ; On                              ; --            ; --          ; eda_simulation ;
; EDA_OUTPUT_DATA_FORMAT              ; Verilog Hdl                     ; --            ; --          ; eda_simulation ;
; EDA_SIMULATION_TOOL                 ; ModelSim-Altera (Verilog)       ; <None>        ; --          ; --             ;
; MAX_CORE_JUNCTION_TEMP              ; 125                             ; --            ; --          ; --             ;
; MIN_CORE_JUNCTION_TEMP              ; -40                             ; --            ; --          ; --             ;
; PARTITION_COLOR                     ; 16764057                        ; --            ; --          ; Top            ;
; PARTITION_FITTER_PRESERVATION_LEVEL ; PLACEMENT_AND_ROUTING           ; --            ; --          ; Top            ;
; PARTITION_NETLIST_TYPE              ; SOURCE                          ; --            ; --          ; Top            ;
; PROJECT_OUTPUT_DIRECTORY            ; output_files                    ; --            ; --          ; --             ;
+-------------------------------------+---------------------------------+---------------+-------------+----------------+


+-------------------------------------------------------------------------------------------------------------------------------+
; Flow Elapsed Time                                                                                                             ;
+---------------------------+--------------+-------------------------+---------------------+------------------------------------+
; Module Name               ; Elapsed Time ; Average Processors Used ; Peak Virtual Memory ; Total CPU Time (on all processors) ;
+---------------------------+--------------+-------------------------+---------------------+------------------------------------+
; Analysis & Synthesis      ; 00:00:01     ; 1.0                     ; 4598 MB             ; 00:00:01                           ;
; Fitter                    ; 00:00:03     ; 1.0                     ; 4805 MB             ; 00:00:03                           ;
; Assembler                 ; 00:00:00     ; 1.0                     ; 4547 MB             ; 00:00:01                           ;
; TimeQuest Timing Analyzer ; 00:00:01     ; 1.0                     ; 4540 MB             ; 00:00:01                           ;
; EDA Netlist Writer        ; 00:00:00     ; 1.0                     ; 4518 MB             ; 00:00:00                           ;
; EDA Netlist Writer        ; 00:00:01     ; 1.0                     ; 4526 MB             ; 00:00:01                           ;
; EDA Netlist Writer        ; 00:00:01     ; 1.0                     ; 4526 MB             ; 00:00:01                           ;
; EDA Netlist Writer        ; 00:00:00     ; 1.0                     ; 4526 MB             ; 00:00:00                           ;
; EDA Netlist Writer        ; 00:00:00     ; 1.0                     ; 4526 MB             ; 00:00:01                           ;
; EDA Netlist Writer        ; 00:00:01     ; 1.0                     ; 4530 MB             ; 00:00:00                           ;
; EDA Netlist Writer        ; 00:00:00     ; 1.0                     ; 4526 MB             ; 00:00:00                           ;
; EDA Netlist Writer        ; 00:00:00     ; 1.0                     ; 4526 MB             ; 00:00:01                           ;
; Total                     ; 00:00:08     ; --                      ; --                  ; 00:00:10                           ;
+---------------------------+--------------+-------------------------+---------------------+------------------------------------+


+----------------------------------------------------------------------------------------+
; Flow OS Summary                                                                        ;
+---------------------------+------------------+-----------+------------+----------------+
; Module Name               ; Machine Hostname ; OS Name   ; OS Version ; Processor type ;
+---------------------------+------------------+-----------+------------+----------------+
; Analysis & Synthesis      ; WIN10-809031630  ; Windows 7 ; 6.2        ; x86_64         ;
; Fitter                    ; WIN10-809031630  ; Windows 7 ; 6.2        ; x86_64         ;
; Assembler                 ; WIN10-809031630  ; Windows 7 ; 6.2        ; x86_64         ;
; TimeQuest Timing Analyzer ; WIN10-809031630  ; Windows 7 ; 6.2        ; x86_64         ;
; EDA Netlist Writer        ; WIN10-809031630  ; Windows 7 ; 6.2        ; x86_64         ;
; EDA Netlist Writer        ; WIN10-809031630  ; Windows 7 ; 6.2        ; x86_64         ;
; EDA Netlist Writer        ; WIN10-809031630  ; Windows 7 ; 6.2        ; x86_64         ;
; EDA Netlist Writer        ; WIN10-809031630  ; Windows 7 ; 6.2        ; x86_64         ;
; EDA Netlist Writer        ; WIN10-809031630  ; Windows 7 ; 6.2        ; x86_64         ;
; EDA Netlist Writer        ; WIN10-809031630  ; Windows 7 ; 6.2        ; x86_64         ;
; EDA Netlist Writer        ; WIN10-809031630  ; Windows 7 ; 6.2        ; x86_64         ;
; EDA Netlist Writer        ; WIN10-809031630  ; Windows 7 ; 6.2        ; x86_64         ;
+---------------------------+------------------+-----------+------------+----------------+


------------
; Flow Log ;
------------
quartus_map --read_settings_files=on --write_settings_files=off counter18 -c counter18
quartus_fit --read_settings_files=off --write_settings_files=off counter18 -c counter18
quartus_asm --read_settings_files=off --write_settings_files=off counter18 -c counter18
quartus_sta counter18 -c counter18
quartus_eda --read_settings_files=off --write_settings_files=off counter18 -c counter18
quartus_eda --gen_testbench --check_outputs=on --tool=modelsim_oem --format=verilog counter18 -c counter18 --vector_source=E:/software/altera/13.0/project/counter18/Waveform2.vwf --testbench_file=./simulation/qsim/counter18.vt
quartus_eda --functional=on --simulation=on --tool=modelsim_oem --format=verilog counter18 -c counter18
quartus_eda --gen_testbench --check_outputs=on --tool=modelsim_oem --format=verilog counter18 -c counter18 --vector_source=E:/software/altera/13.0/project/counter18/Waveform2.vwf --testbench_file=./simulation/qsim/counter18.vt
quartus_eda --functional=on --simulation=on --tool=modelsim_oem --format=verilog counter18 -c counter18
quartus_eda --read_settings_files=on --write_settings_files=off counter18 -c counter18 --gen_testbench
quartus_eda --gen_testbench --check_outputs=on --tool=modelsim_oem --format=verilog counter18 -c counter18 --vector_source=E:/software/altera/13.0/project/counter18/Waveform2.vwf --testbench_file=./simulation/qsim/counter18.vt
quartus_eda --functional=on --simulation=on --tool=modelsim_oem --format=verilog counter18 -c counter18



